#options: 640x360 fps=30/1 timebase=1/30 bitdepth=8 cabac=1 ref=1 deblock=1:0:0 analyse=0x1:0 me=dia subme=2 psy=1 psy_rd=1.00:0.00 mixed_ref=0 me_range=16 chroma_me=1 trellis=0 8x8dct=0 cqm=0 deadzone=21,11 fast_pskip=1 chroma_qp_offset=0 threads=11 lookahead_threads=2 sliced_threads=0 nr=0 decimate=1 interlaced=0 bluray_compat=0 constrained_intra=0 bframes=3 b_pyramid=2 b_adapt=1 b_bias=0 direct=3 weightb=1 open_gop=0 weightp=2 keyint=250 keyint_min=48 scenecut=40 intra_refresh=0 rc_lookahead=50 rc=abr mbtree=1 bitrate=1658 ratetol=1.0 qcomp=0.60 qpmin=0 qpmax=69 qpstep=4 ip_ratio=1.40 aq=1:1.00
in:0 out:0 type:I dur:2 cpbdur:2 q:25.69 aq:16.54 tex:48904 mv:15622 misc:130 imb:920 pmb:0 smb:0 d:- ref:;
in:4 out:1 type:P dur:2 cpbdur:2 q:25.88 aq:16.38 tex:6328 mv:3044 misc:948 imb:63 pmb:376 smb:481 d:- ref:0 ;
in:2 out:2 type:B dur:2 cpbdur:2 q:25.88 aq:18.37 tex:255 mv:273 misc:288 imb:1 pmb:26 smb:893 d:t ref:0 ;
in:1 out:3 type:b dur:2 cpbdur:2 q:25.88 aq:19.82 tex:17 mv:83 misc:196 imb:1 pmb:11 smb:908 d:s ref:0 ;
in:3 out:4 type:b dur:2 cpbdur:2 q:25.88 aq:21.19 tex:61 mv:177 misc:178 imb:0 pmb:11 smb:909 d:- ref:0 ;
in:8 out:5 type:P dur:2 cpbdur:2 q:25.46 aq:16.14 tex:10220 mv:3694 misc:950 imb:87 pmb:440 smb:393 d:- ref:0 ;
in:6 out:6 type:B dur:2 cpbdur:2 q:25.67 aq:21.28 tex:257 mv:313 misc:366 imb:1 pmb:39 smb:880 d:t ref:0 ;
in:5 out:7 type:b dur:2 cpbdur:2 q:25.78 aq:21.11 tex:70 mv:274 misc:320 imb:0 pmb:33 smb:887 d:s ref:0 ;
in:7 out:8 type:b dur:2 cpbdur:2 q:25.56 aq:20.23 tex:148 mv:168 misc:196 imb:0 pmb:15 smb:905 d:- ref:0 ;
in:12 out:9 type:P dur:2 cpbdur:2 q:25.03 aq:16.04 tex:13723 mv:4080 misc:917 imb:110 pmb:471 smb:339 d:- ref:0 ;
in:10 out:10 type:B dur:2 cpbdur:2 q:25.24 aq:17.92 tex:456 mv:453 misc:427 imb:2 pmb:52 smb:866 d:t ref:0 ;
in:9 out:11 type:b dur:2 cpbdur:2 q:25.35 aq:20.00 tex:41 mv:362 misc:357 imb:0 pmb:41 smb:879 d:s ref:0 ;
in:11 out:12 type:b dur:2 cpbdur:2 q:25.13 aq:19.61 tex:70 mv:223 misc:211 imb:1 pmb:21 smb:898 d:- ref:0 ;
in:16 out:13 type:P dur:2 cpbdur:2 q:19.77 aq:11.18 tex:59232 mv:6316 misc:372 imb:194 pmb:685 smb:41 d:t ref:0 ;
in:14 out:14 type:B dur:2 cpbdur:2 q:22.40 aq:14.82 tex:2216 mv:1899 misc:957 imb:5 pmb:294 smb:621 d:t ref:0 ;
in:13 out:15 type:b dur:2 cpbdur:2 q:23.71 aq:18.85 tex:250 mv:1085 misc:809 imb:2 pmb:190 smb:728 d:s ref:0 ;
in:15 out:16 type:b dur:2 cpbdur:2 q:21.09 aq:15.67 tex:1083 mv:1078 misc:727 imb:2 pmb:170 smb:748 d:- ref:0 ;
in:20 out:17 type:P dur:2 cpbdur:2 q:14.19 aq:5.62 tex:202579 mv:6062 misc:151 imb:130 pmb:790 smb:0 d:t ref:0 ;
in:18 out:18 type:B dur:2 cpbdur:2 q:16.98 aq:11.12 tex:14263 mv:5753 misc:688 imb:2 pmb:789 smb:129 d:s ref:0 ;
in:17 out:19 type:b dur:2 cpbdur:2 q:18.38 aq:13.71 tex:3552 mv:3687 misc:897 imb:4 pmb:627 smb:289 d:s ref:0 ;
in:19 out:20 type:b dur:2 cpbdur:2 q:15.59 aq:11.65 tex:8411 mv:2236 misc:1001 imb:0 pmb:404 smb:516 d:- ref:0 ;
in:24 out:21 type:P dur:2 cpbdur:2 q:11.30 aq:2.97 tex:305211 mv:5890 misc:147 imb:62 pmb:857 smb:1 d:t ref:0 ;
in:22 out:22 type:B dur:2 cpbdur:2 q:12.75 aq:6.55 tex:74576 mv:5754 misc:326 imb:1 pmb:888 smb:31 d:s ref:0 ;
in:21 out:23 type:b dur:2 cpbdur:2 q:13.47 aq:9.42 tex:21043 mv:4028 misc:697 imb:0 pmb:767 smb:153 d:s ref:0 ;
in:23 out:24 type:b dur:2 cpbdur:2 q:12.02 aq:7.55 tex:35151 mv:2713 misc:816 imb:0 pmb:693 smb:227 d:- ref:0 ;
in:28 out:25 type:P dur:2 cpbdur:2 q:10.41 aq:2.25 tex:330694 mv:5818 misc:160 imb:60 pmb:859 smb:1 d:s ref:0 ;
in:26 out:26 type:B dur:2 cpbdur:2 q:10.86 aq:4.73 tex:119858 mv:5018 misc:268 imb:1 pmb:900 smb:19 d:s ref:0 ;
in:25 out:27 type:b dur:2 cpbdur:2 q:11.08 aq:6.43 tex:51111 mv:2883 misc:574 imb:0 pmb:819 smb:101 d:s ref:0 ;
in:27 out:28 type:b dur:2 cpbdur:2 q:10.63 aq:5.95 tex:60688 mv:3009 misc:567 imb:1 pmb:813 smb:106 d:- ref:0 ;
in:32 out:29 type:P dur:2 cpbdur:2 q:11.44 aq:3.11 tex:289617 mv:5877 misc:162 imb:63 pmb:857 smb:0 d:s ref:0 ;
in:30 out:30 type:B dur:2 cpbdur:2 q:10.92 aq:4.78 tex:123504 mv:5104 misc:280 imb:6 pmb:893 smb:21 d:t ref:0 ;
in:29 out:31 type:b dur:2 cpbdur:2 q:10.67 aq:5.99 tex:64513 mv:2902 misc:537 imb:5 pmb:830 smb:85 d:s ref:0 ;
in:31 out:32 type:b dur:2 cpbdur:2 q:11.18 aq:6.54 tex:51189 mv:3361 misc:650 imb:1 pmb:784 smb:135 d:- ref:0 ;
in:36 out:33 type:P dur:2 cpbdur:2 q:13.32 aq:4.96 tex:205178 mv:6031 misc:183 imb:62 pmb:854 smb:4 d:s ref:0 ;
in:34 out:34 type:B dur:2 cpbdur:2 q:12.38 aq:6.22 tex:91317 mv:5354 misc:353 imb:0 pmb:886 smb:34 d:s ref:0 ;
in:33 out:35 type:b dur:2 cpbdur:2 q:11.91 aq:7.42 tex:42689 mv:3163 misc:708 imb:0 pmb:764 smb:156 d:s ref:0 ;
in:35 out:36 type:b dur:2 cpbdur:2 q:12.85 aq:8.63 tex:28064 mv:2984 misc:864 imb:0 pmb:648 smb:272 d:- ref:0 ;
in:40 out:37 type:P dur:2 cpbdur:2 q:14.98 aq:6.63 tex:151313 mv:6352 misc:287 imb:80 pmb:815 smb:25 d:s ref:0 ;
in:38 out:38 type:B dur:2 cpbdur:2 q:14.15 aq:8.10 tex:55399 mv:5618 misc:631 imb:1 pmb:804 smb:115 d:s ref:0 ;
in:37 out:39 type:b dur:2 cpbdur:2 q:13.73 aq:9.48 tex:22629 mv:3152 misc:907 imb:1 pmb:627 smb:292 d:s ref:0 ;
in:39 out:40 type:b dur:2 cpbdur:2 q:14.57 aq:10.38 tex:16421 mv:2985 misc:946 imb:0 pmb:564 smb:356 d:- ref:0 ;
in:44 out:41 type:P dur:2 cpbdur:2 q:16.20 aq:7.85 tex:118485 mv:6654 misc:365 imb:118 pmb:763 smb:39 d:s ref:0 ;
in:42 out:42 type:B dur:2 cpbdur:2 q:15.59 aq:9.65 tex:34834 mv:5686 misc:760 imb:5 pmb:724 smb:191 d:t ref:0 ;
in:41 out:43 type:b dur:2 cpbdur:2 q:15.29 aq:10.92 tex:15005 mv:3009 misc:986 imb:2 pmb:542 smb:376 d:s ref:0 ;
in:43 out:44 type:b dur:2 cpbdur:2 q:15.89 aq:11.70 tex:11463 mv:3200 misc:1009 imb:0 pmb:487 smb:433 d:- ref:0 ;
in:48 out:45 type:P dur:2 cpbdur:2 q:17.04 aq:8.91 tex:98331 mv:6773 misc:352 imb:143 pmb:733 smb:44 d:s ref:0 ;
in:46 out:46 type:B dur:2 cpbdur:2 q:16.62 aq:10.70 tex:25789 mv:5984 misc:803 imb:10 pmb:707 smb:203 d:t ref:0 ;
in:45 out:47 type:b dur:2 cpbdur:2 q:16.41 aq:12.00 tex:9854 mv:3304 misc:986 imb:0 pmb:498 smb:422 d:s ref:0 ;
in:47 out:48 type:b dur:2 cpbdur:2 q:16.83 aq:12.38 tex:8485 mv:3152 misc:987 imb:3 pmb:459 smb:458 d:- ref:0 ;
in:52 out:49 type:P dur:2 cpbdur:2 q:17.20 aq:8.94 tex:107581 mv:6910 misc:285 imb:173 pmb:726 smb:21 d:s ref:0 ;
in:50 out:50 type:B dur:2 cpbdur:2 q:17.12 aq:11.55 tex:22671 mv:6184 misc:833 imb:10 pmb:687 smb:223 d:t ref:0 ;
in:49 out:51 type:b dur:2 cpbdur:2 q:17.08 aq:12.66 tex:8069 mv:3411 misc:984 imb:4 pmb:457 smb:459 d:s ref:0 ;
in:51 out:52 type:b dur:2 cpbdur:2 q:17.16 aq:12.60 tex:10149 mv:3886 misc:957 imb:4 pmb:551 smb:365 d:- ref:0 ;
in:56 out:53 type:P dur:2 cpbdur:2 q:17.05 aq:8.81 tex:107420 mv:6974 misc:310 imb:179 pmb:714 smb:27 d:s ref:0 ;
in:54 out:54 type:B dur:2 cpbdur:2 q:17.12 aq:11.24 tex:24227 mv:6474 misc:827 imb:8 pmb:706 smb:206 d:t ref:0 ;
in:53 out:55 type:b dur:2 cpbdur:2 q:17.16 aq:12.94 tex:8879 mv:3836 misc:997 imb:1 pmb:512 smb:407 d:s ref:0 ;
in:55 out:56 type:b dur:2 cpbdur:2 q:17.09 aq:12.70 tex:9125 mv:3642 misc:969 imb:2 pmb:502 smb:416 d:- ref:0 ;
in:60 out:57 type:P dur:2 cpbdur:2 q:16.58 aq:8.38 tex:121730 mv:6983 misc:271 imb:154 pmb:746 smb:20 d:s ref:0 ;
in:58 out:58 type:B dur:2 cpbdur:2 q:16.82 aq:10.73 tex:28756 mv:7403 misc:665 imb:11 pmb:763 smb:146 d:t ref:0 ;
in:57 out:59 type:b dur:2 cpbdur:2 q:16.93 aq:12.60 tex:9084 mv:3982 misc:990 imb:2 pmb:506 smb:412 d:s ref:0 ;
in:59 out:60 type:b dur:2 cpbdur:2 q:16.70 aq:12.41 tex:10846 mv:3879 misc:979 imb:2 pmb:539 smb:379 d:- ref:0 ;
in:64 out:61 type:P dur:2 cpbdur:2 q:16.33 aq:8.22 tex:126013 mv:7004 misc:271 imb:184 pmb:712 smb:24 d:s ref:0 ;
in:62 out:62 type:B dur:2 cpbdur:2 q:16.46 aq:10.55 tex:32841 mv:6832 misc:695 imb:12 pmb:757 smb:151 d:t ref:0 ;
in:61 out:63 type:b dur:2 cpbdur:2 q:16.52 aq:12.26 tex:11540 mv:3910 misc:966 imb:2 pmb:547 smb:371 d:s ref:0 ;
in:63 out:64 type:b dur:2 cpbdur:2 q:16.39 aq:12.22 tex:12174 mv:3901 misc:997 imb:2 pmb:556 smb:362 d:- ref:0 ;
in:68 out:65 type:P dur:2 cpbdur:2 q:16.15 aq:8.00 tex:135101 mv:7180 misc:231 imb:154 pmb:753 smb:13 d:s ref:0 ;
in:66 out:66 type:B dur:2 cpbdur:2 q:16.24 aq:10.35 tex:33675 mv:7327 misc:702 imb:9 pmb:769 smb:142 d:t ref:0 ;
in:65 out:67 type:b dur:2 cpbdur:2 q:16.28 aq:12.15 tex:12709 mv:3869 misc:998 imb:2 pmb:537 smb:381 d:s ref:0 ;
in:67 out:68 type:b dur:2 cpbdur:2 q:16.19 aq:11.95 tex:12852 mv:4072 misc:988 imb:2 pmb:532 smb:386 d:- ref:0 ;
in:72 out:69 type:P dur:2 cpbdur:2 q:16.09 aq:7.98 tex:138940 mv:7398 misc:222 imb:171 pmb:739 smb:10 d:s ref:0 ;
in:70 out:70 type:B dur:2 cpbdur:2 q:16.12 aq:10.25 tex:36307 mv:7937 misc:660 imb:17 pmb:766 smb:137 d:t ref:0 ;
in:69 out:71 type:b dur:2 cpbdur:2 q:16.13 aq:11.74 tex:15500 mv:4241 misc:931 imb:2 pmb:603 smb:315 d:s ref:0 ;
in:71 out:72 type:b dur:2 cpbdur:2 q:16.10 aq:11.88 tex:15906 mv:4338 misc:972 imb:3 pmb:594 smb:323 d:- ref:0 ;
in:76 out:73 type:P dur:2 cpbdur:2 q:16.07 aq:7.81 tex:146093 mv:7316 misc:255 imb:171 pmb:731 smb:18 d:s ref:0 ;
in:74 out:74 type:B dur:2 cpbdur:2 q:16.08 aq:10.14 tex:38822 mv:7784 misc:618 imb:11 pmb:791 smb:118 d:t ref:0 ;
in:73 out:75 type:b dur:2 cpbdur:2 q:16.08 aq:11.80 tex:15628 mv:4506 misc:946 imb:1 pmb:612 smb:307 d:s ref:0 ;
in:75 out:76 type:b dur:2 cpbdur:2 q:16.07 aq:11.91 tex:15877 mv:4522 misc:961 imb:4 pmb:603 smb:313 d:- ref:0 ;
in:80 out:77 type:P dur:2 cpbdur:2 q:16.10 aq:7.87 tex:145913 mv:7147 misc:236 imb:155 pmb:752 smb:13 d:s ref:0 ;
in:78 out:78 type:B dur:2 cpbdur:2 q:16.08 aq:10.16 tex:38412 mv:7908 misc:680 imb:9 pmb:786 smb:125 d:t ref:0 ;
in:77 out:79 type:b dur:2 cpbdur:2 q:16.08 aq:12.02 tex:15544 mv:4206 misc:954 imb:4 pmb:601 smb:315 d:s ref:0 ;
in:79 out:80 type:b dur:2 cpbdur:2 q:16.09 aq:12.01 tex:15101 mv:4517 misc:958 imb:3 pmb:604 smb:313 d:- ref:0 ;
in:84 out:81 type:P dur:2 cpbdur:2 q:16.15 aq:8.02 tex:139960 mv:7315 misc:237 imb:173 pmb:733 smb:14 d:s ref:0 ;
in:82 out:82 type:B dur:2 cpbdur:2 q:16.13 aq:10.13 tex:38928 mv:8179 misc:621 imb:12 pmb:791 smb:117 d:t ref:0 ;
in:81 out:83 type:b dur:2 cpbdur:2 q:16.11 aq:11.77 tex:17243 mv:4520 misc:917 imb:5 pmb:616 smb:299 d:s ref:0 ;
in:83 out:84 type:b dur:2 cpbdur:2 q:16.14 aq:12.01 tex:14950 mv:4565 misc:933 imb:3 pmb:592 smb:325 d:- ref:0 ;
in:88 out:85 type:P dur:2 cpbdur:2 q:16.25 aq:8.12 tex:142925 mv:7281 misc:234 imb:170 pmb:735 smb:15 d:s ref:0 ;
in:86 out:86 type:B dur:2 cpbdur:2 q:16.20 aq:10.29 tex:39832 mv:8545 misc:615 imb:14 pmb:789 smb:117 d:t ref:0 ;
in:85 out:87 type:b dur:2 cpbdur:2 q:16.18 aq:11.99 tex:14895 mv:4470 misc:955 imb:3 pmb:598 smb:319 d:s ref:0 ;
in:87 out:88 type:b dur:2 cpbdur:2 q:16.23 aq:11.83 tex:15630 mv:4694 misc:940 imb:7 pmb:604 smb:309 d:- ref:0 ;
in:92 out:89 type:P dur:2 cpbdur:2 q:16.34 aq:8.13 tex:146709 mv:7432 misc:251 imb:191 pmb:714 smb:15 d:s ref:0 ;
in:90 out:90 type:B dur:2 cpbdur:2 q:16.30 aq:10.29 tex:42007 mv:8000 misc:593 imb:14 pmb:794 smb:112 d:t ref:0 ;
in:89 out:91 type:b dur:2 cpbdur:2 q:16.27 aq:12.01 tex:16606 mv:4899 misc:911 imb:2 pmb:629 smb:289 d:s ref:0 ;
in:91 out:92 type:b dur:2 cpbdur:2 q:16.32 aq:12.14 tex:16482 mv:4896 misc:910 imb:0 pmb:621 smb:299 d:- ref:0 ;
in:96 out:93 type:P dur:2 cpbdur:2 q:16.40 aq:8.35 tex:143231 mv:7485 misc:260 imb:151 pmb:753 smb:16 d:s ref:0 ;
in:94 out:94 type:B dur:2 cpbdur:2 q:16.37 aq:10.49 tex:41286 mv:8355 misc:647 imb:10 pmb:798 smb:112 d:t ref:0 ;
in:93 out:95 type:b dur:2 cpbdur:2 q:16.36 aq:12.15 tex:17534 mv:4862 misc:932 imb:2 pmb:603 smb:315 d:s ref:0 ;
in:95 out:96 type:b dur:2 cpbdur:2 q:16.39 aq:12.38 tex:16961 mv:5045 misc:890 imb:3 pmb:620 smb:297 d:- ref:0 ;
in:100 out:97 type:P dur:2 cpbdur:2 q:16.47 aq:8.52 tex:142202 mv:7437 misc:225 imb:169 pmb:737 smb:14 d:s ref:0 ;
in:98 out:98 type:B dur:2 cpbdur:2 q:16.44 aq:10.61 tex:42938 mv:8482 misc:612 imb:13 pmb:791 smb:116 d:t ref:0 ;
in:97 out:99 type:b dur:2 cpbdur:2 q:16.42 aq:12.22 tex:17900 mv:5010 misc:898 imb:6 pmb:627 smb:287 d:s ref:0 ;
in:99 out:100 type:b dur:2 cpbdur:2 q:16.45 aq:12.22 tex:17176 mv:5467 misc:909 imb:2 pmb:634 smb:284 d:- ref:0 ;
in:104 out:101 type:P dur:2 cpbdur:2 q:16.55 aq:8.63 tex:144607 mv:7346 misc:247 imb:178 pmb:724 smb:18 d:s ref:0 ;
in:102 out:102 type:B dur:2 cpbdur:2 q:16.51 aq:10.73 tex:43706 mv:8151 misc:639 imb:11 pmb:786 smb:123 d:t ref:0 ;
in:101 out:103 type:b dur:2 cpbdur:2 q:16.49 aq:12.23 tex:18395 mv:5014 misc:887 imb:1 pmb:622 smb:297 d:t ref:0 ;
in:103 out:104 type:b dur:2 cpbdur:2 q:16.53 aq:12.37 tex:16903 mv:5210 misc:887 imb:1 pmb:622 smb:297 d:- ref:0 ;
in:108 out:105 type:P dur:2 cpbdur:2 q:16.64 aq:8.75 tex:141419 mv:7434 misc:235 imb:167 pmb:740 smb:13 d:s ref:0 ;
in:106 out:106 type:B dur:2 cpbdur:2 q:16.59 aq:10.75 tex:43327 mv:8079 misc:618 imb:10 pmb:781 smb:129 d:t ref:0 ;
in:105 out:107 type:b dur:2 cpbdur:2 q:16.57 aq:12.26 tex:17836 mv:5174 misc:886 imb:5 pmb:623 smb:292 d:s ref:0 ;
in:107 out:108 type:b dur:2 cpbdur:2 q:16.62 aq:12.34 tex:17116 mv:5440 misc:876 imb:0 pmb:648 smb:272 d:- ref:0 ;
in:112 out:109 type:P dur:2 cpbdur:2 q:16.73 aq:8.82 tex:141316 mv:7640 misc:284 imb:180 pmb:715 smb:25 d:s ref:0 ;
in:110 out:110 type:B dur:2 cpbdur:2 q:16.68 aq:10.95 tex:43840 mv:8432 misc:608 imb:13 pmb:786 smb:121 d:t ref:0 ;
in:109 out:111 type:b dur:2 cpbdur:2 q:16.66 aq:12.54 tex:17248 mv:5230 misc:922 imb:3 pmb:605 smb:312 d:s ref:0 ;
in:111 out:112 type:b dur:2 cpbdur:2 q:16.70 aq:12.65 tex:18271 mv:5289 misc:920 imb:3 pmb:612 smb:305 d:- ref:0 ;
in:116 out:113 type:P dur:2 cpbdur:2 q:16.82 aq:9.02 tex:136183 mv:7607 misc:274 imb:188 pmb:712 smb:20 d:s ref:0 ;
in:114 out:114 type:B dur:2 cpbdur:2 q:16.77 aq:11.15 tex:42204 mv:8552 misc:620 imb:10 pmb:798 smb:112 d:t ref:0 ;
in:113 out:115 type:b dur:2 cpbdur:2 q:16.75 aq:12.80 tex:18019 mv:5352 misc:861 imb:3 pmb:629 smb:288 d:s ref:0 ;
in:115 out:116 type:b dur:2 cpbdur:2 q:16.80 aq:12.47 tex:18558 mv:5574 misc:844 imb:1 pmb:657 smb:262 d:- ref:0 ;
in:120 out:117 type:P dur:2 cpbdur:2 q:16.90 aq:9.14 tex:137784 mv:7607 misc:249 imb:191 pmb:710 smb:19 d:s ref:0 ;
in:118 out:118 type:B dur:2 cpbdur:2 q:16.86 aq:11.16 tex:43433 mv:8635 misc:620 imb:11 pmb:795 smb:114 d:t ref:0 ;
in:117 out:119 type:b dur:2 cpbdur:2 q:16.84 aq:12.62 tex:18635 mv:5177 misc:900 imb:5 pmb:606 smb:309 d:s ref:0 ;
in:119 out:120 type:b dur:2 cpbdur:2 q:16.88 aq:12.84 tex:17354 mv:5643 misc:851 imb:4 pmb:657 smb:259 d:- ref:0 ;
in:124 out:121 type:P dur:2 cpbdur:2 q:16.98 aq:9.31 tex:134189 mv:7699 misc:256 imb:173 pmb:724 smb:23 d:s ref:0 ;
in:122 out:122 type:B dur:2 cpbdur:2 q:16.94 aq:11.23 tex:43980 mv:8766 misc:558 imb:17 pmb:818 smb:85 d:t ref:0 ;
in:121 out:123 type:b dur:2 cpbdur:2 q:16.92 aq:12.79 tex:18535 mv:5656 misc:857 imb:6 pmb:638 smb:276 d:t ref:0 ;
in:123 out:124 type:b dur:2 cpbdur:2 q:16.96 aq:12.66 tex:18534 mv:5558 misc:868 imb:7 pmb:636 smb:277 d:- ref:0 ;
in:128 out:125 type:P dur:2 cpbdur:2 q:17.04 aq:9.29 tex:135450 mv:7487 misc:255 imb:199 pmb:701 smb:20 d:s ref:0 ;
in:126 out:126 type:B dur:2 cpbdur:2 q:17.01 aq:11.33 tex:43874 mv:8760 misc:582 imb:16 pmb:800 smb:104 d:t ref:0 ;
in:125 out:127 type:b dur:2 cpbdur:2 q:16.99 aq:12.95 tex:18826 mv:5339 misc:859 imb:12 pmb:630 smb:278 d:t ref:0 ;
in:127 out:128 type:b dur:2 cpbdur:2 q:17.03 aq:12.80 tex:17479 mv:5409 misc:896 imb:8 pmb:639 smb:273 d:- ref:0 ;
in:132 out:129 type:P dur:2 cpbdur:2 q:17.12 aq:9.39 tex:134559 mv:7688 misc:265 imb:198 pmb:704 smb:18 d:s ref:0 ;
in:130 out:130 type:B dur:2 cpbdur:2 q:17.08 aq:11.28 tex:43469 mv:8837 misc:598 imb:22 pmb:795 smb:103 d:t ref:0 ;
in:129 out:131 type:b dur:2 cpbdur:2 q:17.06 aq:12.88 tex:18684 mv:5454 misc:902 imb:6 pmb:630 smb:284 d:t ref:0 ;
in:131 out:132 type:b dur:2 cpbdur:2 q:17.10 aq:12.69 tex:18431 mv:5670 misc:851 imb:3 pmb:676 smb:241 d:- ref:0 ;
in:136 out:133 type:P dur:2 cpbdur:2 q:17.18 aq:9.53 tex:132396 mv:7725 misc:271 imb:204 pmb:697 smb:19 d:t ref:0 ;
in:134 out:134 type:B dur:2 cpbdur:2 q:17.15 aq:11.47 tex:42809 mv:7112 misc:575 imb:18 pmb:800 smb:102 d:t ref:0 ;
in:133 out:135 type:b dur:2 cpbdur:2 q:17.14 aq:12.67 tex:18634 mv:5931 misc:867 imb:8 pmb:676 smb:236 d:s ref:0 ;
in:135 out:136 type:b dur:2 cpbdur:2 q:17.17 aq:12.90 tex:18189 mv:5635 misc:864 imb:5 pmb:664 smb:251 d:- ref:0 ;
in:140 out:137 type:P dur:2 cpbdur:2 q:17.24 aq:9.61 tex:131171 mv:7738 misc:259 imb:199 pmb:702 smb:19 d:t ref:0 ;
in:138 out:138 type:B dur:2 cpbdur:2 q:17.21 aq:11.36 tex:40578 mv:7111 misc:639 imb:16 pmb:783 smb:121 d:t ref:0 ;
in:137 out:139 type:b dur:2 cpbdur:2 q:17.20 aq:12.83 tex:17200 mv:5508 misc:860 imb:6 pmb:658 smb:256 d:s ref:0 ;
in:139 out:140 type:b dur:2 cpbdur:2 q:17.23 aq:12.78 tex:18837 mv:5800 misc:851 imb:12 pmb:660 smb:248 d:- ref:0 ;
in:144 out:141 type:P dur:2 cpbdur:2 q:17.30 aq:9.66 tex:129595 mv:7572 misc:289 imb:215 pmb:682 smb:23 d:t ref:0 ;
in:142 out:142 type:B dur:2 cpbdur:2 q:17.27 aq:11.32 tex:41548 mv:7234 misc:626 imb:24 pmb:782 smb:114 d:t ref:0 ;
in:141 out:143 type:b dur:2 cpbdur:2 q:17.26 aq:12.84 tex:18576 mv:5634 misc:862 imb:8 pmb:677 smb:235 d:t ref:0 ;
in:143 out:144 type:b dur:2 cpbdur:2 q:17.29 aq:13.10 tex:18851 mv:5473 misc:860 imb:7 pmb:650 smb:263 d:- ref:0 ;
in:148 out:145 type:P dur:2 cpbdur:2 q:17.36 aq:9.81 tex:127413 mv:7572 misc:247 imb:235 pmb:671 smb:14 d:t ref:0 ;
in:146 out:146 type:B dur:2 cpbdur:2 q:17.33 aq:11.47 tex:41073 mv:7041 misc:670 imb:20 pmb:775 smb:125 d:t ref:0 ;
in:145 out:147 type:b dur:2 cpbdur:2 q:17.32 aq:13.05 tex:18427 mv:5673 misc:860 imb:4 pmb:662 smb:254 d:t ref:0 ;
in:147 out:148 type:b dur:2 cpbdur:2 q:17.35 aq:13.27 tex:17750 mv:5700 misc:870 imb:4 pmb:661 smb:255 d:- ref:0 ;
in:152 out:149 type:P dur:2 cpbdur:2 q:17.41 aq:9.83 tex:126167 mv:7749 misc:220 imb:231 pmb:679 smb:10 d:t ref:0 ;
in:150 out:150 type:B dur:2 cpbdur:2 q:17.38 aq:11.62 tex:40341 mv:7553 misc:610 imb:15 pmb:800 smb:105 d:t ref:0 ;
in:149 out:151 type:b dur:2 cpbdur:2 q:17.37 aq:12.94 tex:18484 mv:6289 misc:803 imb:8 pmb:713 smb:199 d:t ref:0 ;
in:151 out:152 type:b dur:2 cpbdur:2 q:17.40 aq:13.02 tex:19011 mv:5483 misc:874 imb:9 pmb:654 smb:257 d:- ref:0 ;
in:156 out:153 type:P dur:2 cpbdur:2 q:17.45 aq:10.02 tex:120811 mv:7837 misc:248 imb:241 pmb:663 smb:16 d:t ref:0 ;
in:154 out:154 type:B dur:2 cpbdur:2 q:17.43 aq:11.47 tex:39956 mv:7451 misc:665 imb:15 pmb:782 smb:123 d:t ref:0 ;
in:153 out:155 type:b dur:2 cpbdur:2 q:17.42 aq:12.93 tex:18018 mv:5636 misc:866 imb:7 pmb:663 smb:250 d:s ref:0 ;
in:155 out:156 type:b dur:2 cpbdur:2 q:17.44 aq:13.09 tex:18130 mv:4880 misc:926 imb:7 pmb:617 smb:296 d:- ref:0 ;
in:160 out:157 type:P dur:2 cpbdur:2 q:17.48 aq:10.20 tex:112813 mv:7702 misc:261 imb:238 pmb:663 smb:19 d:t ref:0 ;
in:158 out:158 type:B dur:2 cpbdur:2 q:17.46 aq:11.71 tex:39510 mv:7789 misc:645 imb:20 pmb:780 smb:120 d:t ref:0 ;
in:157 out:159 type:b dur:2 cpbdur:2 q:17.45 aq:13.33 tex:18486 mv:5447 misc:891 imb:14 pmb:645 smb:261 d:t ref:0 ;
in:159 out:160 type:b dur:2 cpbdur:2 q:17.47 aq:13.04 tex:19372 mv:5561 misc:851 imb:12 pmb:653 smb:255 d:- ref:0 ;
in:164 out:161 type:P dur:2 cpbdur:2 q:17.50 aq:10.19 tex:111950 mv:7559 misc:227 imb:263 pmb:647 smb:10 d:t ref:0 ;
in:162 out:162 type:B dur:2 cpbdur:2 q:17.49 aq:11.77 tex:38196 mv:7495 misc:653 imb:23 pmb:776 smb:121 d:t ref:0 ;
in:161 out:163 type:b dur:2 cpbdur:2 q:17.48 aq:13.00 tex:18373 mv:5558 misc:901 imb:15 pmb:664 smb:241 d:t ref:0 ;
in:163 out:164 type:b dur:2 cpbdur:2 q:17.50 aq:13.14 tex:18949 mv:5635 misc:856 imb:23 pmb:647 smb:250 d:- ref:0 ;
in:168 out:165 type:P dur:2 cpbdur:2 q:17.52 aq:10.21 tex:111493 mv:7582 misc:285 imb:231 pmb:664 smb:25 d:t ref:0 ;
in:166 out:166 type:B dur:2 cpbdur:2 q:17.51 aq:11.76 tex:38088 mv:7061 misc:627 imb:20 pmb:774 smb:126 d:t ref:0 ;
in:165 out:167 type:b dur:2 cpbdur:2 q:17.51 aq:12.95 tex:17490 mv:5833 misc:861 imb:12 pmb:688 smb:220 d:s ref:0 ;
in:167 out:168 type:b dur:2 cpbdur:2 q:17.52 aq:13.09 tex:18686 mv:5321 misc:897 imb:9 pmb:624 smb:287 d:- ref:0 ;
in:172 out:169 type:P dur:2 cpbdur:2 q:17.51 aq:10.16 tex:112330 mv:7515 misc:275 imb:267 pmb:630 smb:23 d:t ref:0 ;
in:170 out:170 type:B dur:2 cpbdur:2 q:17.52 aq:11.73 tex:36237 mv:7309 misc:614 imb:40 pmb:766 smb:114 d:t ref:0 ;
in:169 out:171 type:b dur:2 cpbdur:2 q:17.52 aq:12.79 tex:18510 mv:5690 misc:872 imb:12 pmb:677 smb:231 d:s ref:0 ;
in:171 out:172 type:b dur:2 cpbdur:2 q:17.52 aq:13.05 tex:18558 mv:5417 misc:897 imb:14 pmb:640 smb:266 d:- ref:0 ;
in:176 out:173 type:P dur:2 cpbdur:2 q:17.51 aq:10.32 tex:110643 mv:7795 misc:258 imb:286 pmb:616 smb:18 d:t ref:0 ;
in:174 out:174 type:B dur:2 cpbdur:2 q:17.51 aq:11.58 tex:39979 mv:7699 misc:602 imb:33 pmb:781 smb:106 d:t ref:0 ;
in:173 out:175 type:b dur:2 cpbdur:2 q:17.51 aq:13.02 tex:17637 mv:5746 misc:817 imb:13 pmb:681 smb:226 d:s ref:0 ;
in:175 out:176 type:b dur:2 cpbdur:2 q:17.51 aq:12.87 tex:18805 mv:5349 misc:886 imb:10 pmb:659 smb:251 d:- ref:0 ;
in:180 out:177 type:P dur:2 cpbdur:2 q:17.50 aq:10.35 tex:109878 mv:7529 misc:297 imb:294 pmb:603 smb:23 d:t ref:0 ;
in:178 out:178 type:B dur:2 cpbdur:2 q:17.51 aq:11.67 tex:37672 mv:7767 misc:689 imb:29 pmb:755 smb:136 d:t ref:0 ;
in:177 out:179 type:b dur:2 cpbdur:2 q:17.51 aq:12.84 tex:17719 mv:5530 misc:847 imb:9 pmb:663 smb:248 d:t ref:0 ;
in:179 out:180 type:b dur:2 cpbdur:2 q:17.50 aq:12.68 tex:17379 mv:5153 misc:892 imb:10 pmb:630 smb:280 d:- ref:0 ;
in:184 out:181 type:P dur:2 cpbdur:2 q:17.50 aq:10.48 tex:111346 mv:7448 misc:254 imb:304 pmb:597 smb:19 d:t ref:0 ;
in:182 out:182 type:B dur:2 cpbdur:2 q:17.50 aq:11.85 tex:37499 mv:7747 misc:674 imb:34 pmb:757 smb:129 d:t ref:0 ;
in:181 out:183 type:b dur:2 cpbdur:2 q:17.50 aq:13.13 tex:17358 mv:5945 misc:857 imb:13 pmb:671 smb:236 d:s ref:0 ;
in:183 out:184 type:b dur:2 cpbdur:2 q:17.50 aq:13.31 tex:19599 mv:5510 misc:899 imb:15 pmb:637 smb:268 d:- ref:0 ;
in:188 out:185 type:P dur:2 cpbdur:2 q:17.49 aq:10.40 tex:109841 mv:7339 misc:284 imb:324 pmb:573 smb:23 d:t ref:0 ;
in:186 out:186 type:B dur:2 cpbdur:2 q:17.50 aq:11.79 tex:38564 mv:7457 misc:659 imb:59 pmb:739 smb:122 d:t ref:0 ;
in:185 out:187 type:b dur:2 cpbdur:2 q:17.50 aq:13.59 tex:18804 mv:5657 misc:859 imb:27 pmb:664 smb:229 d:s ref:0 ;
in:187 out:188 type:b dur:2 cpbdur:2 q:17.50 aq:13.25 tex:18970 mv:5360 misc:870 imb:30 pmb:634 smb:256 d:- ref:0 ;
in:192 out:189 type:P dur:2 cpbdur:2 q:17.48 aq:10.23 tex:117945 mv:7585 misc:262 imb:299 pmb:601 smb:20 d:t ref:0 ;
in:190 out:190 type:B dur:2 cpbdur:2 q:17.49 aq:11.83 tex:39116 mv:7417 misc:659 imb:45 pmb:748 smb:127 d:t ref:0 ;
in:189 out:191 type:b dur:2 cpbdur:2 q:17.49 aq:13.07 tex:18641 mv:6075 misc:828 imb:32 pmb:662 smb:226 d:t ref:0 ;
in:191 out:192 type:b dur:2 cpbdur:2 q:17.49 aq:13.09 tex:18863 mv:5336 misc:913 imb:13 pmb:624 smb:283 d:- ref:0 ;
in:196 out:193 type:P dur:2 cpbdur:2 q:17.48 aq:9.99 tex:121363 mv:7669 misc:216 imb:264 pmb:645 smb:11 d:t ref:0 ;
in:194 out:194 type:B dur:2 cpbdur:2 q:17.48 aq:11.86 tex:38286 mv:8049 misc:633 imb:27 pmb:781 smb:112 d:t ref:0 ;
in:193 out:195 type:b dur:2 cpbdur:2 q:17.48 aq:12.91 tex:18710 mv:5848 misc:842 imb:11 pmb:675 smb:234 d:t ref:0 ;
in:195 out:196 type:b dur:2 cpbdur:2 q:17.48 aq:13.27 tex:17510 mv:5438 misc:876 imb:11 pmb:640 smb:269 d:- ref:0 ;
in:200 out:197 type:P dur:2 cpbdur:2 q:17.48 aq:10.04 tex:120599 mv:7638 misc:259 imb:242 pmb:659 smb:19 d:t ref:0 ;
in:198 out:198 type:B dur:2 cpbdur:2 q:17.48 aq:11.83 tex:38655 mv:7232 misc:681 imb:34 pmb:743 smb:143 d:t ref:0 ;
in:197 out:199 type:b dur:2 cpbdur:2 q:17.48 aq:13.18 tex:17634 mv:5755 misc:835 imb:7 pmb:692 smb:221 d:s ref:0 ;
in:199 out:200 type:b dur:2 cpbdur:2 q:17.48 aq:13.15 tex:18107 mv:5316 misc:889 imb:18 pmb:621 smb:281 d:- ref:0 ;
in:204 out:201 type:P dur:2 cpbdur:2 q:17.50 aq:9.93 tex:124376 mv:7374 misc:250 imb:226 pmb:677 smb:17 d:t ref:0 ;
in:202 out:202 type:B dur:2 cpbdur:2 q:17.49 aq:11.81 tex:38790 mv:7081 misc:641 imb:28 pmb:764 smb:128 d:s ref:0 ;
in:201 out:203 type:b dur:2 cpbdur:2 q:17.49 aq:13.12 tex:17743 mv:5430 misc:819 imb:8 pmb:675 smb:237 d:t ref:0 ;
in:203 out:204 type:b dur:2 cpbdur:2 q:17.50 aq:13.07 tex:18490 mv:5616 misc:862 imb:13 pmb:649 smb:258 d:- ref:0 ;
in:208 out:205 type:P dur:2 cpbdur:2 q:17.52 aq:9.97 tex:125906 mv:7564 misc:258 imb:253 pmb:649 smb:18 d:t ref:0 ;
in:206 out:206 type:B dur:2 cpbdur:2 q:17.51 aq:11.73 tex:39168 mv:7390 misc:650 imb:30 pmb:763 smb:127 d:t ref:0 ;
in:205 out:207 type:b dur:2 cpbdur:2 q:17.51 aq:13.21 tex:17646 mv:5828 misc:814 imb:10 pmb:681 smb:229 d:t ref:0 ;
in:207 out:208 type:b dur:2 cpbdur:2 q:17.52 aq:13.19 tex:19040 mv:5784 misc:848 imb:14 pmb:640 smb:266 d:- ref:0 ;
in:212 out:209 type:P dur:2 cpbdur:2 q:17.53 aq:9.98 tex:127069 mv:7453 misc:270 imb:247 pmb:650 smb:23 d:t ref:0 ;
in:210 out:210 type:B dur:2 cpbdur:2 q:17.53 aq:11.61 tex:40228 mv:7300 misc:648 imb:36 pmb:753 smb:131 d:t ref:0 ;
in:209 out:211 type:b dur:2 cpbdur:2 q:17.53 aq:13.23 tex:18948 mv:5216 misc:860 imb:10 pmb:660 smb:250 d:t ref:0 ;
in:211 out:212 type:b dur:2 cpbdur:2 q:17.53 aq:13.03 tex:18938 mv:5202 misc:908 imb:11 pmb:634 smb:275 d:- ref:0 ;
in:216 out:213 type:P dur:2 cpbdur:2 q:17.55 aq:9.93 tex:129244 mv:7606 misc:270 imb:239 pmb:660 smb:21 d:t ref:0 ;
in:214 out:214 type:B dur:2 cpbdur:2 q:17.54 aq:11.64 tex:39171 mv:6850 misc:707 imb:30 pmb:747 smb:143 d:t ref:0 ;
in:213 out:215 type:b dur:2 cpbdur:2 q:17.54 aq:13.24 tex:19211 mv:5525 misc:856 imb:17 pmb:667 smb:236 d:t ref:0 ;
in:215 out:216 type:b dur:2 cpbdur:2 q:17.54 aq:13.10 tex:20919 mv:5653 misc:804 imb:14 pmb:659 smb:247 d:- ref:0 ;
in:220 out:217 type:P dur:2 cpbdur:2 q:17.57 aq:9.94 tex:132125 mv:7591 misc:236 imb:226 pmb:680 smb:14 d:t ref:0 ;
in:218 out:218 type:B dur:2 cpbdur:2 q:17.56 aq:11.83 tex:39506 mv:7103 misc:679 imb:25 pmb:752 smb:143 d:t ref:0 ;
in:217 out:219 type:b dur:2 cpbdur:2 q:17.55 aq:13.34 tex:19859 mv:5528 misc:821 imb:12 pmb:674 smb:234 d:t ref:0 ;
in:219 out:220 type:b dur:2 cpbdur:2 q:17.56 aq:13.08 tex:18319 mv:5256 misc:881 imb:12 pmb:633 smb:275 d:- ref:0 ;
in:224 out:221 type:P dur:2 cpbdur:2 q:17.60 aq:9.98 tex:132159 mv:7598 misc:251 imb:215 pmb:688 smb:17 d:t ref:0 ;
in:222 out:222 type:B dur:2 cpbdur:2 q:17.59 aq:11.95 tex:41454 mv:7164 misc:686 imb:21 pmb:755 smb:144 d:t ref:0 ;
in:221 out:223 type:b dur:2 cpbdur:2 q:17.58 aq:13.19 tex:19550 mv:5476 misc:878 imb:8 pmb:655 smb:257 d:t ref:0 ;
in:223 out:224 type:b dur:2 cpbdur:2 q:17.59 aq:13.40 tex:19568 mv:5578 misc:838 imb:7 pmb:668 smb:245 d:- ref:0 ;
in:228 out:225 type:P dur:2 cpbdur:2 q:17.64 aq:9.95 tex:133095 mv:7461 misc:260 imb:201 pmb:703 smb:16 d:t ref:0 ;
in:226 out:226 type:B dur:2 cpbdur:2 q:17.62 aq:11.97 tex:42168 mv:7185 misc:687 imb:18 pmb:763 smb:139 d:t ref:0 ;
in:225 out:227 type:b dur:2 cpbdur:2 q:17.61 aq:13.20 tex:19258 mv:5086 misc:872 imb:9 pmb:657 smb:254 d:s ref:0 ;
in:227 out:228 type:b dur:2 cpbdur:2 q:17.63 aq:13.29 tex:18503 mv:5299 misc:854 imb:5 pmb:637 smb:278 d:- ref:0 ;
in:232 out:229 type:P dur:2 cpbdur:2 q:17.68 aq:10.00 tex:135439 mv:7630 misc:291 imb:187 pmb:707 smb:26 d:t ref:0 ;
in:230 out:230 type:B dur:2 cpbdur:2 q:17.66 aq:11.82 tex:41311 mv:7049 misc:680 imb:12 pmb:776 smb:132 d:t ref:0 ;
in:229 out:231 type:b dur:2 cpbdur:2 q:17.65 aq:13.11 tex:19636 mv:5316 misc:856 imb:7 pmb:680 smb:233 d:s ref:0 ;
in:231 out:232 type:b dur:2 cpbdur:2 q:17.67 aq:13.53 tex:20006 mv:5060 misc:902 imb:2 pmb:612 smb:306 d:- ref:0 ;
in:236 out:233 type:P dur:2 cpbdur:2 q:17.72 aq:10.06 tex:133891 mv:7820 misc:249 imb:197 pmb:705 smb:18 d:t ref:0 ;
in:234 out:234 type:B dur:2 cpbdur:2 q:17.70 aq:11.99 tex:40063 mv:6832 misc:737 imb:11 pmb:743 smb:166 d:t ref:0 ;
in:233 out:235 type:b dur:2 cpbdur:2 q:17.69 aq:13.62 tex:19228 mv:5406 misc:910 imb:6 pmb:652 smb:262 d:t ref:0 ;
in:235 out:236 type:b dur:2 cpbdur:2 q:17.71 aq:13.47 tex:19079 mv:4982 misc:891 imb:5 pmb:631 smb:284 d:- ref:0 ;
in:240 out:237 type:P dur:2 cpbdur:2 q:17.76 aq:10.05 tex:135852 mv:7561 misc:259 imb:207 pmb:695 smb:18 d:t ref:0 ;
in:238 out:238 type:B dur:2 cpbdur:2 q:17.74 aq:12.02 tex:39454 mv:6827 misc:743 imb:11 pmb:757 smb:152 d:t ref:0 ;
in:237 out:239 type:b dur:2 cpbdur:2 q:17.73 aq:13.36 tex:19890 mv:5365 misc:897 imb:6 pmb:669 smb:245 d:s ref:0 ;
in:239 out:240 type:b dur:2 cpbdur:2 q:17.75 aq:13.37 tex:19440 mv:5048 misc:904 imb:7 pmb:629 smb:284 d:- ref:0 ;
in:244 out:241 type:P dur:2 cpbdur:2 q:17.80 aq:10.04 tex:135316 mv:7488 misc:276 imb:205 pmb:695 smb:20 d:t ref:0 ;
in:242 out:242 type:B dur:2 cpbdur:2 q:17.78 aq:12.01 tex:41506 mv:6877 misc:745 imb:18 pmb:745 smb:157 d:t ref:0 ;
in:241 out:243 type:b dur:2 cpbdur:2 q:17.77 aq:13.27 tex:19634 mv:5350 misc:856 imb:9 pmb:651 smb:260 d:t ref:0 ;
in:243 out:244 type:b dur:2 cpbdur:2 q:17.79 aq:13.39 tex:18807 mv:4865 misc:944 imb:5 pmb:600 smb:315 d:- ref:0 ;
in:248 out:245 type:P dur:2 cpbdur:2 q:17.84 aq:9.97 tex:138324 mv:7597 misc:279 imb:178 pmb:717 smb:25 d:t ref:0 ;
in:246 out:246 type:B dur:2 cpbdur:2 q:17.82 aq:12.19 tex:39019 mv:6033 misc:772 imb:11 pmb:720 smb:189 d:t ref:0 ;
in:245 out:247 type:b dur:2 cpbdur:2 q:17.81 aq:13.85 tex:18227 mv:4920 misc:917 imb:6 pmb:631 smb:283 d:t ref:0 ;
in:247 out:248 type:b dur:2 cpbdur:2 q:17.83 aq:13.60 tex:18087 mv:4825 misc:944 imb:3 pmb:611 smb:306 d:- ref:0 ;
in:249 out:249 type:P dur:2 cpbdur:2 q:17.88 aq:13.40 tex:23817 mv:4301 misc:858 imb:88 pmb:588 smb:244 d:t ref:0 ;
in:250 out:250 type:I dur:2 cpbdur:2 q:14.78 aq:6.93 tex:312007 mv:26470 misc:131 imb:920 pmb:0 smb:0 d:t ref:;
in:254 out:251 type:P dur:2 cpbdur:2 q:18.06 aq:10.25 tex:112787 mv:6804 misc:569 imb:113 pmb:707 smb:100 d:t ref:0 ;
in:252 out:252 type:B dur:2 cpbdur:2 q:18.06 aq:12.92 tex:31300 mv:5786 misc:890 imb:10 pmb:624 smb:286 d:t ref:0 ;
in:251 out:253 type:b dur:2 cpbdur:2 q:18.06 aq:15.12 tex:10984 mv:3683 misc:981 imb:1 pmb:499 smb:420 d:s ref:0 ;
in:253 out:254 type:b dur:2 cpbdur:2 q:18.06 aq:13.71 tex:13397 mv:4590 misc:949 imb:8 pmb:540 smb:372 d:- ref:0 ;
in:258 out:255 type:P dur:2 cpbdur:2 q:18.09 aq:10.15 tex:122519 mv:7141 misc:348 imb:159 pmb:722 smb:39 d:t ref:0 ;
in:256 out:256 type:B dur:2 cpbdur:2 q:18.07 aq:12.29 tex:33521 mv:6295 misc:792 imb:19 pmb:695 smb:206 d:t ref:0 ;
in:255 out:257 type:b dur:2 cpbdur:2 q:18.07 aq:13.49 tex:14078 mv:5063 misc:931 imb:11 pmb:621 smb:288 d:s ref:0 ;
in:257 out:258 type:b dur:2 cpbdur:2 q:18.08 aq:13.73 tex:14487 mv:4538 misc:951 imb:6 pmb:580 smb:334 d:- ref:0 ;
in:262 out:259 type:P dur:2 cpbdur:2 q:18.11 aq:10.13 tex:125977 mv:7202 misc:261 imb:194 pmb:705 smb:21 d:t ref:0 ;
in:260 out:260 type:B dur:2 cpbdur:2 q:18.10 aq:12.46 tex:32596 mv:5922 misc:810 imb:20 pmb:698 smb:202 d:t ref:0 ;
in:259 out:261 type:b dur:2 cpbdur:2 q:18.10 aq:13.83 tex:13439 mv:4914 misc:919 imb:8 pmb:621 smb:291 d:s ref:0 ;
in:261 out:262 type:b dur:2 cpbdur:2 q:18.11 aq:13.86 tex:14939 mv:4508 misc:937 imb:2 pmb:591 smb:327 d:- ref:0 ;
in:266 out:263 type:P dur:2 cpbdur:2 q:18.22 aq:10.20 tex:120182 mv:6985 misc:377 imb:183 pmb:699 smb:38 d:t ref:0 ;
in:264 out:264 type:B dur:2 cpbdur:2 q:18.17 aq:12.18 tex:30680 mv:6249 misc:791 imb:13 pmb:714 smb:193 d:t ref:0 ;
in:263 out:265 type:b dur:2 cpbdur:2 q:18.14 aq:13.71 tex:13984 mv:4802 misc:902 imb:7 pmb:633 smb:280 d:t ref:0 ;
in:265 out:266 type:b dur:2 cpbdur:2 q:18.19 aq:13.78 tex:14623 mv:4496 misc:945 imb:2 pmb:588 smb:330 d:- ref:0 ;
in:270 out:267 type:P dur:2 cpbdur:2 q:18.16 aq:10.17 tex:119498 mv:7083 misc:291 imb:178 pmb:716 smb:26 d:t ref:0 ;
in:268 out:268 type:B dur:2 cpbdur:2 q:18.19 aq:12.42 tex:30780 mv:6138 misc:810 imb:11 pmb:717 smb:192 d:t ref:0 ;
in:267 out:269 type:b dur:2 cpbdur:2 q:18.20 aq:13.80 tex:12668 mv:4712 misc:956 imb:3 pmb:623 smb:294 d:s ref:0 ;
in:269 out:270 type:b dur:2 cpbdur:2 q:18.18 aq:13.95 tex:13259 mv:4409 misc:924 imb:6 pmb:579 smb:335 d:- ref:0 ;
in:274 out:271 type:P dur:2 cpbdur:2 q:18.13 aq:10.06 tex:121240 mv:7037 misc:331 imb:169 pmb:716 smb:35 d:t ref:0 ;
in:272 out:272 type:B dur:2 cpbdur:2 q:18.15 aq:12.39 tex:29036 mv:6019 misc:841 imb:15 pmb:684 smb:221 d:t ref:0 ;
in:271 out:273 type:b dur:2 cpbdur:2 q:18.16 aq:13.95 tex:13623 mv:4646 misc:923 imb:3 pmb:622 smb:295 d:t ref:0 ;
in:273 out:274 type:b dur:2 cpbdur:2 q:18.14 aq:13.77 tex:12607 mv:4534 misc:939 imb:5 pmb:579 smb:336 d:- ref:0 ;
in:278 out:275 type:P dur:2 cpbdur:2 q:18.13 aq:10.14 tex:120528 mv:7129 misc:351 imb:167 pmb:716 smb:37 d:t ref:0 ;
in:276 out:276 type:B dur:2 cpbdur:2 q:18.13 aq:12.14 tex:29683 mv:5963 misc:826 imb:14 pmb:701 smb:205 d:t ref:0 ;
in:275 out:277 type:b dur:2 cpbdur:2 q:18.13 aq:13.68 tex:12283 mv:5012 misc:921 imb:4 pmb:628 smb:288 d:s ref:0 ;
in:277 out:278 type:b dur:2 cpbdur:2 q:18.13 aq:13.71 tex:11833 mv:4104 misc:959 imb:3 pmb:573 smb:344 d:- ref:0 ;
in:282 out:279 type:P dur:2 cpbdur:2 q:18.12 aq:10.06 tex:119745 mv:7202 misc:293 imb:190 pmb:706 smb:24 d:t ref:0 ;
in:280 out:280 type:B dur:2 cpbdur:2 q:18.13 aq:12.20 tex:29943 mv:5786 misc:815 imb:14 pmb:700 smb:206 d:t ref:0 ;
in:279 out:281 type:b dur:2 cpbdur:2 q:18.13 aq:13.92 tex:11389 mv:4561 misc:930 imb:7 pmb:613 smb:300 d:t ref:0 ;
in:281 out:282 type:b dur:2 cpbdur:2 q:18.13 aq:14.05 tex:12185 mv:4283 misc:956 imb:6 pmb:564 smb:350 d:- ref:0 ;
in:286 out:283 type:P dur:2 cpbdur:2 q:18.10 aq:9.92 tex:117525 mv:7315 misc:296 imb:171 pmb:723 smb:26 d:t ref:0 ;
in:284 out:284 type:B dur:2 cpbdur:2 q:18.11 aq:12.18 tex:28195 mv:5976 misc:837 imb:12 pmb:703 smb:205 d:t ref:0 ;
in:283 out:285 type:b dur:2 cpbdur:2 q:18.12 aq:14.07 tex:12023 mv:4751 misc:930 imb:6 pmb:620 smb:294 d:s ref:0 ;
in:285 out:286 type:b dur:2 cpbdur:2 q:18.11 aq:13.63 tex:12123 mv:3639 misc:982 imb:6 pmb:531 smb:383 d:- ref:0 ;
in:290 out:287 type:P dur:2 cpbdur:2 q:18.08 aq:9.81 tex:119648 mv:7318 misc:338 imb:151 pmb:736 smb:33 d:t ref:0 ;
in:288 out:288 type:B dur:2 cpbdur:2 q:18.09 aq:12.16 tex:27985 mv:5668 misc:859 imb:11 pmb:685 smb:224 d:t ref:0 ;
in:287 out:289 type:b dur:2 cpbdur:2 q:18.10 aq:13.73 tex:11130 mv:5113 misc:901 imb:3 pmb:643 smb:274 d:s ref:0 ;
in:289 out:290 type:b dur:2 cpbdur:2 q:18.09 aq:13.78 tex:10489 mv:3946 misc:957 imb:4 pmb:543 smb:373 d:- ref:0 ;
in:294 out:291 type:P dur:2 cpbdur:2 q:18.06 aq:9.76 tex:118292 mv:6937 misc:323 imb:147 pmb:739 smb:34 d:t ref:0 ;
in:292 out:292 type:B dur:2 cpbdur:2 q:18.07 aq:12.29 tex:26727 mv:5932 misc:853 imb:5 pmb:701 smb:214 d:t ref:0 ;
in:291 out:293 type:b dur:2 cpbdur:2 q:18.08 aq:13.73 tex:10969 mv:4675 misc:940 imb:2 pmb:615 smb:303 d:s ref:0 ;
in:293 out:294 type:b dur:2 cpbdur:2 q:18.06 aq:13.71 tex:9830 mv:3565 misc:989 imb:2 pmb:529 smb:389 d:- ref:0 ;
in:298 out:295 type:P dur:2 cpbdur:2 q:18.05 aq:9.61 tex:120211 mv:6756 misc:305 imb:165 pmb:728 smb:27 d:t ref:0 ;
in:296 out:296 type:B dur:2 cpbdur:2 q:18.05 aq:11.94 tex:26800 mv:5998 misc:818 imb:9 pmb:717 smb:194 d:t ref:0 ;
in:295 out:297 type:b dur:2 cpbdur:2 q:18.05 aq:13.91 tex:10875 mv:4807 misc:934 imb:4 pmb:630 smb:286 d:s ref:0 ;
in:297 out:298 type:b dur:2 cpbdur:2 q:18.05 aq:13.31 tex:11346 mv:3442 misc:980 imb:5 pmb:518 smb:397 d:- ref:0 ;
in:302 out:299 type:P dur:2 cpbdur:2 q:18.02 aq:9.53 tex:120445 mv:6740 misc:303 imb:169 pmb:726 smb:25 d:t ref:0 ;
in:300 out:300 type:B dur:2 cpbdur:2 q:18.03 aq:11.87 tex:26215 mv:5665 misc:896 imb:13 pmb:671 smb:236 d:t ref:0 ;
in:299 out:301 type:b dur:2 cpbdur:2 q:18.04 aq:13.32 tex:10988 mv:4700 misc:960 imb:11 pmb:604 smb:305 d:s ref:0 ;
in:301 out:302 type:b dur:2 cpbdur:2 q:18.03 aq:13.67 tex:10972 mv:3388 misc:1024 imb:2 pmb:496 smb:422 d:- ref:0 ;
in:306 out:303 type:P dur:2 cpbdur:2 q:17.99 aq:9.51 tex:119563 mv:6477 misc:368 imb:158 pmb:724 smb:38 d:t ref:0 ;
in:304 out:304 type:B dur:2 cpbdur:2 q:18.00 aq:11.88 tex:24965 mv:5756 misc:871 imb:9 pmb:673 smb:238 d:t ref:0 ;
in:303 out:305 type:b dur:2 cpbdur:2 q:18.01 aq:13.54 tex:10731 mv:4451 misc:938 imb:4 pmb:600 smb:316 d:s ref:0 ;
in:305 out:306 type:b dur:2 cpbdur:2 q:17.99 aq:14.17 tex:10481 mv:3352 misc:975 imb:2 pmb:508 smb:410 d:- ref:0 ;
in:310 out:307 type:P dur:2 cpbdur:2 q:17.93 aq:9.35 tex:120092 mv:6386 misc:338 imb:140 pmb:741 smb:39 d:t ref:0 ;
in:308 out:308 type:B dur:2 cpbdur:2 q:17.96 aq:11.83 tex:25809 mv:5743 misc:856 imb:10 pmb:684 smb:226 d:t ref:0 ;
in:307 out:309 type:b dur:2 cpbdur:2 q:17.97 aq:13.97 tex:10514 mv:4672 misc:910 imb:4 pmb:629 smb:287 d:s ref:0 ;
in:309 out:310 type:b dur:2 cpbdur:2 q:17.94 aq:13.68 tex:10381 mv:3540 misc:975 imb:1 pmb:494 smb:425 d:- ref:0 ;
in:314 out:311 type:P dur:2 cpbdur:2 q:17.90 aq:9.24 tex:119880 mv:6361 misc:343 imb:142 pmb:737 smb:41 d:t ref:0 ;
in:312 out:312 type:B dur:2 cpbdur:2 q:17.91 aq:11.73 tex:26708 mv:5853 misc:855 imb:11 pmb:679 smb:230 d:t ref:0 ;
in:311 out:313 type:b dur:2 cpbdur:2 q:17.92 aq:13.73 tex:10465 mv:4638 misc:945 imb:5 pmb:599 smb:316 d:s ref:0 ;
in:313 out:314 type:b dur:2 cpbdur:2 q:17.91 aq:13.45 tex:9930 mv:3265 misc:965 imb:4 pmb:482 smb:434 d:- ref:0 ;
in:318 out:315 type:P dur:2 cpbdur:2 q:17.86 aq:9.18 tex:124050 mv:6498 misc:340 imb:147 pmb:735 smb:38 d:t ref:0 ;
in:316 out:316 type:B dur:2 cpbdur:2 q:17.88 aq:11.95 tex:25649 mv:5601 misc:862 imb:8 pmb:649 smb:263 d:t ref:0 ;
in:315 out:317 type:b dur:2 cpbdur:2 q:17.89 aq:13.79 tex:11222 mv:4123 misc:943 imb:2 pmb:574 smb:344 d:s ref:0 ;
in:317 out:318 type:b dur:2 cpbdur:2 q:17.87 aq:13.73 tex:10015 mv:3132 misc:973 imb:0 pmb:475 smb:445 d:- ref:0 ;
in:322 out:319 type:P dur:2 cpbdur:2 q:17.83 aq:9.04 tex:125188 mv:6291 misc:369 imb:143 pmb:730 smb:47 d:t ref:0 ;
in:320 out:320 type:B dur:2 cpbdur:2 q:17.85 aq:11.96 tex:25471 mv:5480 misc:881 imb:3 pmb:655 smb:262 d:t ref:0 ;
in:319 out:321 type:b dur:2 cpbdur:2 q:17.86 aq:13.72 tex:9803 mv:4152 misc:965 imb:2 pmb:567 smb:351 d:s ref:0 ;
in:321 out:322 type:b dur:2 cpbdur:2 q:17.84 aq:13.57 tex:10671 mv:2857 misc:1000 imb:3 pmb:463 smb:454 d:- ref:0 ;
in:326 out:323 type:P dur:2 cpbdur:2 q:17.80 aq:9.02 tex:122389 mv:6135 misc:348 imb:134 pmb:744 smb:42 d:t ref:0 ;
in:324 out:324 type:B dur:2 cpbdur:2 q:17.81 aq:11.82 tex:24656 mv:5253 misc:867 imb:6 pmb:650 smb:264 d:t ref:0 ;
in:323 out:325 type:b dur:2 cpbdur:2 q:17.82 aq:13.55 tex:10146 mv:4126 misc:952 imb:3 pmb:556 smb:361 d:s ref:0 ;
in:325 out:326 type:b dur:2 cpbdur:2 q:17.80 aq:14.20 tex:9286 mv:2702 misc:956 imb:5 pmb:414 smb:501 d:- ref:0 ;
in:330 out:327 type:P dur:2 cpbdur:2 q:17.76 aq:8.92 tex:119441 mv:6096 misc:407 imb:119 pmb:749 smb:52 d:t ref:0 ;
in:328 out:328 type:B dur:2 cpbdur:2 q:17.78 aq:11.86 tex:24804 mv:5227 misc:865 imb:6 pmb:650 smb:264 d:t ref:0 ;
in:327 out:329 type:b dur:2 cpbdur:2 q:17.79 aq:14.14 tex:10121 mv:3516 misc:979 imb:3 pmb:516 smb:401 d:s ref:0 ;
in:329 out:330 type:b dur:2 cpbdur:2 q:17.77 aq:13.72 tex:9546 mv:2776 misc:950 imb:1 pmb:434 smb:485 d:- ref:0 ;
in:334 out:331 type:P dur:2 cpbdur:2 q:17.73 aq:8.91 tex:117950 mv:6064 misc:434 imb:122 pmb:746 smb:52 d:t ref:0 ;
in:332 out:332 type:B dur:2 cpbdur:2 q:17.75 aq:11.85 tex:24080 mv:4901 misc:867 imb:1 pmb:643 smb:276 d:t ref:0 ;
in:331 out:333 type:b dur:2 cpbdur:2 q:17.75 aq:13.57 tex:9681 mv:3643 misc:980 imb:3 pmb:540 smb:377 d:s ref:0 ;
in:333 out:334 type:b dur:2 cpbdur:2 q:17.74 aq:13.76 tex:8373 mv:2625 misc:962 imb:1 pmb:426 smb:493 d:- ref:0 ;
in:338 out:335 type:P dur:2 cpbdur:2 q:17.70 aq:8.75 tex:121393 mv:6051 misc:364 imb:132 pmb:746 smb:42 d:s ref:0 ;
in:336 out:336 type:B dur:2 cpbdur:2 q:17.72 aq:11.69 tex:23376 mv:4890 misc:878 imb:7 pmb:635 smb:278 d:t ref:0 ;
in:335 out:337 type:b dur:2 cpbdur:2 q:17.72 aq:13.75 tex:8453 mv:2665 misc:994 imb:1 pmb:432 smb:487 d:s ref:0 ;
in:337 out:338 type:b dur:2 cpbdur:2 q:17.71 aq:13.74 tex:8132 mv:2465 misc:955 imb:2 pmb:424 smb:494 d:- ref:0 ;
in:342 out:339 type:P dur:2 cpbdur:2 q:17.66 aq:8.76 tex:114287 mv:5810 misc:423 imb:118 pmb:745 smb:57 d:s ref:0 ;
in:340 out:340 type:B dur:2 cpbdur:2 q:17.68 aq:11.97 tex:21925 mv:3961 misc:890 imb:6 pmb:599 smb:315 d:t ref:0 ;
in:339 out:341 type:b dur:2 cpbdur:2 q:17.69 aq:13.64 tex:7566 mv:2379 misc:943 imb:2 pmb:398 smb:520 d:s ref:0 ;
in:341 out:342 type:b dur:2 cpbdur:2 q:17.67 aq:14.31 tex:6890 mv:2199 misc:935 imb:0 pmb:392 smb:528 d:- ref:0 ;
in:346 out:343 type:P dur:2 cpbdur:2 q:17.61 aq:8.74 tex:106790 mv:5781 misc:405 imb:109 pmb:759 smb:52 d:s ref:0 ;
in:344 out:344 type:B dur:2 cpbdur:2 q:17.63 aq:12.06 tex:22016 mv:3858 misc:910 imb:2 pmb:610 smb:308 d:t ref:0 ;
in:343 out:345 type:b dur:2 cpbdur:2 q:17.65 aq:13.24 tex:7260 mv:2235 misc:985 imb:1 pmb:400 smb:519 d:s ref:0 ;
in:345 out:346 type:b dur:2 cpbdur:2 q:17.62 aq:13.61 tex:7504 mv:2084 misc:940 imb:1 pmb:399 smb:520 d:- ref:0 ;
in:350 out:347 type:P dur:2 cpbdur:2 q:17.56 aq:8.87 tex:96776 mv:5406 misc:474 imb:78 pmb:773 smb:69 d:s ref:0 ;
in:348 out:348 type:B dur:2 cpbdur:2 q:17.58 aq:11.62 tex:20064 mv:3675 misc:957 imb:0 pmb:583 smb:337 d:t ref:0 ;
in:347 out:349 type:b dur:2 cpbdur:2 q:17.60 aq:14.14 tex:6906 mv:2009 misc:965 imb:0 pmb:386 smb:534 d:s ref:0 ;
in:349 out:350 type:b dur:2 cpbdur:2 q:17.57 aq:13.52 tex:7604 mv:1888 misc:940 imb:0 pmb:393 smb:527 d:- ref:0 ;
in:354 out:351 type:P dur:2 cpbdur:2 q:17.49 aq:9.27 tex:82677 mv:5228 misc:511 imb:96 pmb:737 smb:87 d:s ref:0 ;
in:352 out:352 type:B dur:2 cpbdur:2 q:17.52 aq:11.91 tex:20450 mv:3481 misc:965 imb:2 pmb:560 smb:358 d:s ref:0 ;
in:351 out:353 type:b dur:2 cpbdur:2 q:17.54 aq:13.79 tex:7610 mv:1726 misc:960 imb:1 pmb:370 smb:549 d:s ref:0 ;
in:353 out:354 type:b dur:2 cpbdur:2 q:17.51 aq:14.08 tex:6892 mv:1759 misc:965 imb:1 pmb:377 smb:542 d:- ref:0 ;
in:358 out:355 type:P dur:2 cpbdur:2 q:17.41 aq:11.34 tex:39241 mv:4764 misc:739 imb:74 pmb:649 smb:197 d:s ref:0 ;
in:356 out:356 type:B dur:2 cpbdur:2 q:17.45 aq:11.49 tex:23686 mv:2994 misc:944 imb:0 pmb:578 smb:342 d:s ref:0 ;
in:355 out:357 type:b dur:2 cpbdur:2 q:17.47 aq:13.19 tex:7414 mv:1630 misc:932 imb:1 pmb:354 smb:565 d:s ref:0 ;
in:357 out:358 type:b dur:2 cpbdur:2 q:17.43 aq:13.39 tex:7921 mv:1480 misc:951 imb:2 pmb:366 smb:552 d:- ref:0 ;
in:359 out:359 type:P dur:2 cpbdur:2 q:17.29 aq:13.19 tex:14606 mv:2223 misc:939 imb:28 pmb:453 smb:439 d:s ref:0 ;
